<?xml version="1.0" encoding="UTF-8"?>
<!-- Generated by org.testng.reporters.JUnitXMLReporter -->
<testsuite ignored="0" hostname="DESKTOP-096I3QQ" failures="0" tests="2" name="ErrorValidationTest" time="5.538" errors="0" timestamp="09 Dec 2025 07:14:56 GMT">
  <testcase classname="SampadaTraining.SeleniumFrameworkDesign.Tests.ErrorValidationTest" name="ErrorWithBlankLogging" time="0.797"/>
  <testcase classname="SampadaTraining.SeleniumFrameworkDesign.Tests.ErrorValidationTest" name="ErrorLoggingPage" time="0.688"/>
</testsuite> <!-- ErrorValidationTest -->
