<?xml version="1.0" encoding="UTF-8"?>
<testng-results ignored="0" total="4" passed="4" failed="0" skipped="0">
  <reporter-output>
  </reporter-output>
  <suite started-at="2026-01-29T13:13:17Z" name="Suite" finished-at="2026-01-29T13:17:56Z" duration-ms="279313">
    <groups>
    </groups>
    <test started-at="2026-01-29T13:13:17Z" name="JobApplyOn NaukriTest" finished-at="2026-01-29T13:17:56Z" duration-ms="279313">
      <class name="SampadaTraining.SeleniumFrameworkDesign.Tests.ApplyOnNaukri">
        <test-method is-config="true" signature="launchingApplication()[pri:0, instance:SampadaTraining.SeleniumFrameworkDesign.Tests.ApplyOnNaukri@5adb0db3]" started-at="2026-01-29T13:13:17Z" name="launchingApplication" finished-at="2026-01-29T13:13:24Z" duration-ms="6750" status="PASS">
          <reporter-output>
          </reporter-output>
        </test-method> <!-- launchingApplication -->
        <test-method signature="applyOnNaukri(java.util.HashMap)[pri:0, instance:SampadaTraining.SeleniumFrameworkDesign.Tests.ApplyOnNaukri@5adb0db3]" started-at="2026-01-29T13:13:24Z" name="applyOnNaukri" data-provider="getData" finished-at="2026-01-29T13:14:32Z" duration-ms="67910" status="PASS">
          <params>
            <param index="0">
              <value>
                <![CDATA[{password=Sampada@4, location=Remote, job=QA automation lead, email=sampadasdesai@gmail.com}]]>
              </value>
            </param>
          </params>
          <reporter-output>
          </reporter-output>
        </test-method> <!-- applyOnNaukri -->
        <test-method is-config="true" signature="TearDown()[pri:0, instance:SampadaTraining.SeleniumFrameworkDesign.Tests.ApplyOnNaukri@5adb0db3]" started-at="2026-01-29T13:14:32Z" name="TearDown" finished-at="2026-01-29T13:14:32Z" duration-ms="1" status="PASS">
          <reporter-output>
          </reporter-output>
        </test-method> <!-- TearDown -->
        <test-method is-config="true" signature="launchingApplication()[pri:0, instance:SampadaTraining.SeleniumFrameworkDesign.Tests.ApplyOnNaukri@5adb0db3]" started-at="2026-01-29T13:14:32Z" name="launchingApplication" finished-at="2026-01-29T13:14:41Z" duration-ms="8909" status="PASS">
          <reporter-output>
          </reporter-output>
        </test-method> <!-- launchingApplication -->
        <test-method signature="applyOnNaukri(java.util.HashMap)[pri:0, instance:SampadaTraining.SeleniumFrameworkDesign.Tests.ApplyOnNaukri@5adb0db3]" started-at="2026-01-29T13:14:41Z" name="applyOnNaukri" data-provider="getData" finished-at="2026-01-29T13:15:53Z" duration-ms="71709" status="PASS">
          <params>
            <param index="0">
              <value>
                <![CDATA[{password=Sampada@4, location=Remote, job=QA test lead, email=sampadasdesai@gmail.com}]]>
              </value>
            </param>
          </params>
          <reporter-output>
          </reporter-output>
        </test-method> <!-- applyOnNaukri -->
        <test-method is-config="true" signature="TearDown()[pri:0, instance:SampadaTraining.SeleniumFrameworkDesign.Tests.ApplyOnNaukri@5adb0db3]" started-at="2026-01-29T13:15:53Z" name="TearDown" finished-at="2026-01-29T13:15:53Z" duration-ms="0" status="PASS">
          <reporter-output>
          </reporter-output>
        </test-method> <!-- TearDown -->
        <test-method is-config="true" signature="launchingApplication()[pri:0, instance:SampadaTraining.SeleniumFrameworkDesign.Tests.ApplyOnNaukri@5adb0db3]" started-at="2026-01-29T13:15:53Z" name="launchingApplication" finished-at="2026-01-29T13:16:02Z" duration-ms="9299" status="PASS">
          <reporter-output>
          </reporter-output>
        </test-method> <!-- launchingApplication -->
        <test-method signature="applyOnNaukri(java.util.HashMap)[pri:0, instance:SampadaTraining.SeleniumFrameworkDesign.Tests.ApplyOnNaukri@5adb0db3]" started-at="2026-01-29T13:16:02Z" name="applyOnNaukri" data-provider="getData" finished-at="2026-01-29T13:16:31Z" duration-ms="28796" status="PASS">
          <params>
            <param index="0">
              <value>
                <![CDATA[{password=Sampada@4, location=Remote, job=QA Manager, email=sampadasdesai@gmail.com}]]>
              </value>
            </param>
          </params>
          <reporter-output>
          </reporter-output>
        </test-method> <!-- applyOnNaukri -->
        <test-method is-config="true" signature="TearDown()[pri:0, instance:SampadaTraining.SeleniumFrameworkDesign.Tests.ApplyOnNaukri@5adb0db3]" started-at="2026-01-29T13:16:31Z" name="TearDown" finished-at="2026-01-29T13:16:31Z" duration-ms="1" status="PASS">
          <reporter-output>
          </reporter-output>
        </test-method> <!-- TearDown -->
        <test-method is-config="true" signature="launchingApplication()[pri:0, instance:SampadaTraining.SeleniumFrameworkDesign.Tests.ApplyOnNaukri@5adb0db3]" started-at="2026-01-29T13:16:31Z" name="launchingApplication" finished-at="2026-01-29T13:16:41Z" duration-ms="10606" status="PASS">
          <reporter-output>
          </reporter-output>
        </test-method> <!-- launchingApplication -->
        <test-method signature="applyOnNaukri(java.util.HashMap)[pri:0, instance:SampadaTraining.SeleniumFrameworkDesign.Tests.ApplyOnNaukri@5adb0db3]" started-at="2026-01-29T13:16:41Z" name="applyOnNaukri" data-provider="getData" finished-at="2026-01-29T13:17:56Z" duration-ms="75083" status="PASS">
          <params>
            <param index="0">
              <value>
                <![CDATA[{password=Sampada@4, location=Remote, job=QA automation Manager, email=sampadasdesai@gmail.com}]]>
              </value>
            </param>
          </params>
          <reporter-output>
          </reporter-output>
        </test-method> <!-- applyOnNaukri -->
        <test-method is-config="true" signature="TearDown()[pri:0, instance:SampadaTraining.SeleniumFrameworkDesign.Tests.ApplyOnNaukri@5adb0db3]" started-at="2026-01-29T13:17:56Z" name="TearDown" finished-at="2026-01-29T13:17:56Z" duration-ms="0" status="PASS">
          <reporter-output>
          </reporter-output>
        </test-method> <!-- TearDown -->
      </class> <!-- SampadaTraining.SeleniumFrameworkDesign.Tests.ApplyOnNaukri -->
    </test> <!-- JobApplyOn NaukriTest -->
  </suite> <!-- Suite -->
</testng-results>
