<?xml version="1.0" encoding="UTF-8"?>
<!-- Generated by org.testng.reporters.JUnitReportReporter -->
<testsuite hostname="DESKTOP-096I3QQ" failures="0" tests="1" name="SampadaTraining.SeleniumFrameworkDesign.Tests.ErrorValidation" time="0.834" errors="0" timestamp="08 Dec 2025 11:08:01 GMT" skipped="0">
  <testcase classname="SampadaTraining.SeleniumFrameworkDesign.Tests.ErrorValidation" name="applyOnNaukri" time="0.834"/>
</testsuite> <!-- SampadaTraining.SeleniumFrameworkDesign.Tests.ErrorValidation -->
