<?xml version="1.0" encoding="UTF-8"?>
<!-- Generated by org.testng.reporters.JUnitReportReporter -->
<testsuite hostname="DESKTOP-096I3QQ" failures="0" tests="2" name="SampadaTraining.SeleniumFrameworkDesign.Tests.ApplyOnNaukri" time="33.210" errors="0" timestamp="09 Dec 2025 10:38:19 GMT" skipped="0">
  <testcase classname="SampadaTraining.SeleniumFrameworkDesign.Tests.ApplyOnNaukri" name="applyOnNaukri" time="16.275"/>
  <testcase classname="SampadaTraining.SeleniumFrameworkDesign.Tests.ApplyOnNaukri" name="applyOnNaukri" time="16.935"/>
</testsuite> <!-- SampadaTraining.SeleniumFrameworkDesign.Tests.ApplyOnNaukri -->
