<?xml version="1.0" encoding="UTF-8"?>
<!-- Generated by org.testng.reporters.JUnitReportReporter -->
<testsuite hostname="DESKTOP-096I3QQ" failures="0" tests="4" name="SampadaTraining.SeleniumFrameworkDesign.Tests.ApplyOnNaukri" time="111.031" errors="0" timestamp="18 Feb 2026 13:47:55 GMT" skipped="0">
  <testcase classname="SampadaTraining.SeleniumFrameworkDesign.Tests.ApplyOnNaukri" name="applyOnNaukri" time="34.011"/>
  <testcase classname="SampadaTraining.SeleniumFrameworkDesign.Tests.ApplyOnNaukri" name="applyOnNaukri" time="25.178"/>
  <testcase classname="SampadaTraining.SeleniumFrameworkDesign.Tests.ApplyOnNaukri" name="applyOnNaukri" time="33.077"/>
  <testcase classname="SampadaTraining.SeleniumFrameworkDesign.Tests.ApplyOnNaukri" name="applyOnNaukri" time="18.765"/>
</testsuite> <!-- SampadaTraining.SeleniumFrameworkDesign.Tests.ApplyOnNaukri -->
