<?xml version="1.0" encoding="UTF-8"?>
<!-- Generated by org.testng.reporters.JUnitReportReporter -->
<testsuite hostname="DESKTOP-096I3QQ" failures="0" tests="2" name="SampadaTraining.SeleniumFrameworkDesign.Tests.ErrorValidation" time="1.142" errors="0" timestamp="09 Dec 2025 06:46:41 GMT" skipped="0">
  <testcase classname="SampadaTraining.SeleniumFrameworkDesign.Tests.ErrorValidation" name="ErrorWithBlankLogging" time="0.654"/>
  <testcase classname="SampadaTraining.SeleniumFrameworkDesign.Tests.ErrorValidation" name="ErrorLoggingPage" time="0.488"/>
</testsuite> <!-- SampadaTraining.SeleniumFrameworkDesign.Tests.ErrorValidation -->
