<?xml version="1.0" encoding="UTF-8"?>
<!-- Generated by org.testng.reporters.JUnitReportReporter -->
<testsuite hostname="DESKTOP-096I3QQ" failures="0" tests="2" name="SampadaTraining.SeleniumFrameworkDesign.Tests.ErrorValidationTest" time="1.485" errors="0" timestamp="09 Dec 2025 07:15:06 GMT" skipped="0">
  <testcase classname="SampadaTraining.SeleniumFrameworkDesign.Tests.ErrorValidationTest" name="ErrorWithBlankLogging" time="0.797"/>
  <testcase classname="SampadaTraining.SeleniumFrameworkDesign.Tests.ErrorValidationTest" name="ErrorLoggingPage" time="0.688"/>
</testsuite> <!-- SampadaTraining.SeleniumFrameworkDesign.Tests.ErrorValidationTest -->
