<?xml version="1.0" encoding="UTF-8"?>
<!-- Generated by org.testng.reporters.JUnitReportReporter -->
<testsuite hostname="DESKTOP-096I3QQ" failures="0" tests="3" name="SampadaTraining.SeleniumFrameworkDesign.Tests.ApplyOnNaukri" time="67.449" errors="0" timestamp="16 Dec 2025 07:53:40 GMT" skipped="0">
  <testcase classname="SampadaTraining.SeleniumFrameworkDesign.Tests.ApplyOnNaukri" name="applyOnNaukri" time="22.703"/>
  <testcase classname="SampadaTraining.SeleniumFrameworkDesign.Tests.ApplyOnNaukri" name="applyOnNaukri" time="24.296"/>
  <testcase classname="SampadaTraining.SeleniumFrameworkDesign.Tests.ApplyOnNaukri" name="applyOnNaukri" time="20.450"/>
</testsuite> <!-- SampadaTraining.SeleniumFrameworkDesign.Tests.ApplyOnNaukri -->
