<?xml version="1.0" encoding="UTF-8"?>
<!-- Generated by org.testng.reporters.JUnitReportReporter -->
<testsuite hostname="DESKTOP-096I3QQ" failures="0" tests="4" name="SampadaTraining.SeleniumFrameworkDesign.Tests.ApplyOnNaukri" time="279.064" errors="0" timestamp="29 Jan 2026 13:17:58 GMT" skipped="0">
  <testcase classname="SampadaTraining.SeleniumFrameworkDesign.Tests.ApplyOnNaukri" name="applyOnNaukri" time="83.993"/>
  <testcase classname="SampadaTraining.SeleniumFrameworkDesign.Tests.ApplyOnNaukri" name="applyOnNaukri" time="35.546"/>
  <testcase classname="SampadaTraining.SeleniumFrameworkDesign.Tests.ApplyOnNaukri" name="applyOnNaukri" time="78.516"/>
  <testcase classname="SampadaTraining.SeleniumFrameworkDesign.Tests.ApplyOnNaukri" name="applyOnNaukri" time="81.009"/>
</testsuite> <!-- SampadaTraining.SeleniumFrameworkDesign.Tests.ApplyOnNaukri -->
